SF:lib/src/slider_clipper.dart
DA:4,1
DA:9,1
DA:11,1
DA:12,1
DA:13,3
DA:14,2
DA:15,1
DA:16,3
DA:17,3
DA:18,1
DA:19,3
DA:20,2
DA:21,1
DA:22,3
DA:23,3
DA:27,1
LF:16
LH:16
end_of_record
SF:lib/src/handle_painter.dart
DA:4,1
DA:24,1
DA:26,2
DA:27,1
DA:28,2
DA:29,2
DA:30,1
DA:32,6
DA:34,6
DA:37,1
DA:38,5
DA:40,5
DA:44,1
DA:45,3
DA:46,1
DA:47,6
DA:48,6
DA:53,1
DA:54,1
DA:55,2
DA:56,2
DA:57,1
DA:58,1
DA:59,2
DA:60,1
DA:61,1
DA:62,7
DA:63,7
DA:66,1
DA:67,2
DA:70,1
DA:71,6
DA:73,6
DA:77,1
DA:78,1
DA:79,6
DA:80,6
DA:81,5
DA:87,1
LF:39
LH:39
end_of_record
SF:lib/src/image_compare_slider.dart
DA:38,1
DA:52,1
DA:53,1
DA:55,3
DA:59,2
DA:63,3
DA:106,1
DA:107,1
DA:113,4
DA:115,1
DA:117,1
DA:118,5
DA:121,1
DA:123,1
DA:124,1
DA:127,1
DA:128,3
DA:129,4
DA:132,1
DA:134,2
DA:135,1
DA:136,2
DA:137,4
DA:138,4
DA:139,1
DA:140,1
DA:143,1
DA:145,1
DA:146,1
DA:147,3
DA:148,1
DA:149,1
DA:150,1
DA:151,2
DA:153,3
DA:155,1
DA:156,3
DA:157,3
DA:158,3
DA:159,1
DA:160,1
DA:161,1
DA:162,2
DA:163,2
DA:164,2
DA:165,2
DA:166,2
DA:167,2
DA:168,2
DA:170,1
DA:172,3
DA:179,2
DA:180,1
DA:181,3
LF:54
LH:54
end_of_record
