SF:lib/src/image_compare_slider.dart
DA:45,1
DA:59,1
DA:60,1
DA:62,3
DA:66,3
DA:70,2
DA:113,1
DA:114,1
DA:120,4
DA:122,1
DA:124,1
DA:125,5
DA:128,1
DA:130,1
DA:131,1
DA:134,1
DA:135,3
DA:136,4
DA:139,1
DA:141,2
DA:142,1
DA:143,2
DA:144,4
DA:145,4
DA:146,1
DA:147,1
DA:150,1
DA:152,1
DA:153,1
DA:154,1
DA:155,1
DA:157,1
DA:158,3
DA:159,3
DA:160,3
DA:161,1
DA:162,1
DA:163,1
DA:164,3
DA:166,1
DA:167,1
DA:169,1
DA:170,1
DA:171,1
DA:172,1
DA:173,2
DA:175,3
DA:180,1
DA:185,1
DA:188,2
DA:189,1
DA:190,3
DA:200,1
DA:201,3
DA:203,1
DA:206,1
DA:209,5
DA:211,1
DA:212,1
DA:213,4
DA:214,4
DA:215,2
DA:219,1
DA:220,2
DA:221,2
DA:222,2
DA:224,2
DA:225,1
DA:228,1
DA:230,1
DA:231,2
DA:232,2
DA:235,1
DA:236,4
DA:237,1
DA:239,2
DA:246,1
DA:248,1
DA:249,2
DA:250,2
DA:251,2
DA:252,2
DA:253,2
DA:254,1
DA:258,1
DA:267,1
DA:272,1
DA:274,1
DA:275,1
DA:276,3
DA:277,2
DA:278,1
DA:279,3
DA:280,3
DA:281,1
DA:282,3
DA:283,2
DA:284,1
DA:285,3
DA:286,3
DA:290,1
DA:292,3
LF:102
LH:102
end_of_record
